#0 building with "default" instance using docker driver

#1 [internal] load build definition from Dockerfile
#1 transferring dockerfile: 472B done
#1 DONE 0.0s

#2 [internal] load metadata for docker.io/library/python:3.12-slim
#2 DONE 0.5s

#3 [internal] load .dockerignore
#3 transferring context: 123B done
#3 DONE 0.0s

#4 [internal] load build context
#4 transferring context: 1.63kB done
#4 DONE 0.0s

#5 [1/7] FROM docker.io/library/python:3.12-slim@sha256:9d3abd9fc11d06998ccdbdd93b4dd49b5ad7d67fcbbc11c016eb0eb2c2194891
#5 resolve docker.io/library/python:3.12-slim@sha256:9d3abd9fc11d06998ccdbdd93b4dd49b5ad7d67fcbbc11c016eb0eb2c2194891 0.1s done
#5 DONE 0.1s

#6 [4/7] COPY requirements.txt .
#6 CACHED

#7 [5/7] RUN pip install --no-cache-dir -r requirements.txt
#7 CACHED

#8 [2/7] WORKDIR /app
#8 CACHED

#9 [3/7] RUN apt-get update && apt-get install -y --no-install-recommends     gcc     && rm -rf /var/lib/apt/lists/*
#9 CACHED

#10 [6/7] COPY main.py .
#10 CACHED

#11 [7/7] COPY src/ src/
#11 DONE 0.2s

#12 exporting to image
#12 exporting layers
#12 exporting layers 0.2s done
#12 exporting manifest sha256:42aa9771d7c74710437dab6731ff0df3d3e2d0584e06d7b63da695b3b6d4ec32 0.0s done
#12 exporting config sha256:9102e591d0e789814330e417a2b68c132a27250f7798cdf5fb9dd9691f96fcfb 0.0s done
#12 exporting attestation manifest sha256:9a8a730603b521b09727c8256868e67cca37b37aa491310c2311e181dbe3b2f9 0.1s done
#12 exporting manifest list sha256:093b5bc0127f44ac7a42405c903a62f9050f0f744527a53024ebc9e3691f0829
#12 exporting manifest list sha256:093b5bc0127f44ac7a42405c903a62f9050f0f744527a53024ebc9e3691f0829 0.0s done
#12 naming to docker.io/library/cannabis-researcher:latest done
#12 unpacking to docker.io/library/cannabis-researcher:latest
#12 unpacking to docker.io/library/cannabis-researcher:latest 6.1s done
#12 CANCELED
ERROR: failed to build: failed to solve: Canceled: context canceled
